<?xml version="1.0" encoding="UTF-8"?>
<!-- Generated by org.testng.reporters.JUnitReportReporter -->
<testsuite hostname="LAPTOP-INML28EB" failures="0" tests="3" name="Practice.SampleTest" time="0.015" errors="0" timestamp="2023-04-27T16:17:26 IST" skipped="0">
  <testcase classname="Practice.SampleTest" name="modifyContact" time="0.002"/>
  <system-out/>
  <testcase classname="Practice.SampleTest" name="deletecontact" time="0.001"/>
  <system-out/>
  <testcase classname="Practice.SampleTest" name="createContact" time="0.012"/>
  <system-out/>
</testsuite> <!-- Practice.SampleTest -->
