<?xml version="1.0" encoding="UTF-8"?>
<!-- Generated by org.testng.reporters.JUnitReportReporter -->
<testsuite hostname="LAPTOP-INML28EB" failures="0" tests="3" name="Practice.DataProviderEx" time="0.013" errors="0" timestamp="2023-05-03T16:58:45 IST" skipped="0">
  <testcase classname="Practice.DataProviderEx" name="bookTickets" time="0.011"/>
  <system-out/>
  <testcase classname="Practice.DataProviderEx" name="bookTickets" time="0.001"/>
  <system-out/>
  <testcase classname="Practice.DataProviderEx" name="bookTickets" time="0.001"/>
  <system-out/>
</testsuite> <!-- Practice.DataProviderEx -->
