<?xml version="1.0" encoding="UTF-8"?>
<!-- Generated by org.testng.reporters.JUnitReportReporter -->
<testsuite hostname="LAPTOP-INML28EB" failures="0" tests="1" name="product.CreateProduct" time="15.604" errors="0" timestamp="2023-07-17T18:04:14 IST" skipped="0">
  <testcase classname="product.CreateProduct" name="createProduct" time="15.604"/>
  <system-out/>
</testsuite> <!-- product.CreateProduct -->
